0 info it worked if it ends with ok
1 verbose cli [ '/usr/local/bin/node', '/usr/local/bin/npm', 'publish' ]
2 info using npm@3.10.5
3 info using node@v6.2.1
4 verbose publish [ '.' ]
5 silly cache add args [ '.', null ]
6 verbose cache add spec .
7 silly cache add parsed spec Result {
7 silly cache add   raw: '.',
7 silly cache add   scope: null,
7 silly cache add   escapedName: null,
7 silly cache add   name: null,
7 silly cache add   rawSpec: '.',
7 silly cache add   spec: '/home/bharath/js/how-to-npm',
7 silly cache add   type: 'directory' }
8 verbose addLocalDirectory /home/bharath/.npm/bharath/1.0.1/package.tgz not in flight; packing
9 verbose correctMkdir /home/bharath/.npm correctMkdir not in flight; initializing
10 info lifecycle bharath@1.0.1~prepublish: bharath@1.0.1
11 silly lifecycle bharath@1.0.1~prepublish: no script for prepublish, continuing
12 verbose tar pack [ '/home/bharath/.npm/bharath/1.0.1/package.tgz',
12 verbose tar pack   '/home/bharath/js/how-to-npm' ]
13 verbose tarball /home/bharath/.npm/bharath/1.0.1/package.tgz
14 verbose folder /home/bharath/js/how-to-npm
15 verbose addLocalTarball adding from inside cache /home/bharath/.npm/bharath/1.0.1/package.tgz
16 verbose correctMkdir /home/bharath/.npm correctMkdir not in flight; initializing
17 silly cache afterAdd bharath@1.0.1
18 verbose afterAdd /home/bharath/.npm/bharath/1.0.1/package/package.json not in flight; writing
19 verbose correctMkdir /home/bharath/.npm correctMkdir not in flight; initializing
20 verbose afterAdd /home/bharath/.npm/bharath/1.0.1/package/package.json written
21 silly publish { name: 'bharath',
21 silly publish   version: '1.0.1',
21 silly publish   description: 'Hi All Thank you for goinig through the project.',
21 silly publish   main: 'index.js',
21 silly publish   scripts: { test: 'node test.js' },
21 silly publish   repository:
21 silly publish    { type: 'git',
21 silly publish      url: 'git+https://github.com/bharathtn/hello-world.git' },
21 silly publish   author: { name: 'bharath' },
21 silly publish   license: 'ISC',
21 silly publish   bugs: { url: 'https://github.com/bharathtn/hello-world/issues' },
21 silly publish   homepage: 'https://github.com/bharathtn/hello-world#readme',
21 silly publish   dependencies: { '@linclark/pkg': '^1.0.2' },
21 silly publish   readme: 'Hi All Thank you for goinig through the project.',
21 silly publish   readmeFilename: 'README.md',
21 silly publish   gitHead: 'c257109a97a17d0a80bbf797026f194abd32c090',
21 silly publish   _id: 'bharath@1.0.1',
21 silly publish   _shasum: 'f77eef5f98b3a04fb95ddb4e5b21923e4330d24e',
21 silly publish   _from: '.' }
22 verbose getPublishConfig undefined
23 silly mapToRegistry name bharath
24 silly mapToRegistry using default registry
25 silly mapToRegistry registry http://localhost:15443/
26 silly mapToRegistry data Result {
26 silly mapToRegistry   raw: 'bharath',
26 silly mapToRegistry   scope: null,
26 silly mapToRegistry   escapedName: 'bharath',
26 silly mapToRegistry   name: 'bharath',
26 silly mapToRegistry   rawSpec: '',
26 silly mapToRegistry   spec: 'latest',
26 silly mapToRegistry   type: 'tag' }
27 silly mapToRegistry uri http://localhost:15443/bharath
28 verbose publish registryBase http://localhost:15443/
29 silly publish uploading /home/bharath/.npm/bharath/1.0.1/package.tgz
30 verbose request uri http://localhost:15443/bharath
31 verbose request sending authorization for write operation
32 info attempt registry request try #1 at 12:41:47 PM
33 verbose request id 21b05b83338151d9
34 http request PUT http://localhost:15443/bharath
35 http 404 http://localhost:15443/bharath
36 verbose headers { 'content-type': 'application/json',
36 verbose headers   date: 'Wed, 03 Aug 2016 07:11:47 GMT',
36 verbose headers   connection: 'keep-alive',
36 verbose headers   'content-length': '19' }
37 verbose request invalidating /home/bharath/.npm/localhost_15443/bharath on PUT
38 error publish Failed PUT 404
39 verbose stack Error: missing : bharath
39 verbose stack     at makeError (/usr/local/lib/node_modules/npm/node_modules/npm-registry-client/lib/request.js:264:12)
39 verbose stack     at CachingRegistryClient.<anonymous> (/usr/local/lib/node_modules/npm/node_modules/npm-registry-client/lib/request.js:252:14)
39 verbose stack     at Request._callback (/usr/local/lib/node_modules/npm/node_modules/npm-registry-client/lib/request.js:172:14)
39 verbose stack     at Request.self.callback (/usr/local/lib/node_modules/npm/node_modules/request/request.js:200:22)
39 verbose stack     at emitTwo (events.js:106:13)
39 verbose stack     at Request.emit (events.js:191:7)
39 verbose stack     at Request.<anonymous> (/usr/local/lib/node_modules/npm/node_modules/request/request.js:1067:10)
39 verbose stack     at emitOne (events.js:101:20)
39 verbose stack     at Request.emit (events.js:188:7)
39 verbose stack     at IncomingMessage.<anonymous> (/usr/local/lib/node_modules/npm/node_modules/request/request.js:988:12)
40 verbose statusCode 404
41 verbose pkgid bharath
42 verbose cwd /home/bharath/js/how-to-npm
43 error Linux 4.4.0-21-generic
44 error argv "/usr/local/bin/node" "/usr/local/bin/npm" "publish"
45 error node v6.2.1
46 error npm  v3.10.5
47 error code E404
48 error 404 missing : bharath
49 error 404
50 error 404 'bharath' is not in the npm registry.
51 error 404 You should bug the author to publish it (or use the name yourself!)
52 error 404 Note that you can also install from a
53 error 404 tarball, folder, http url, or git url.
54 verbose exit [ 1, true ]
